[2021-10-16 18:03:40,403] INFO [GroupCoordinator 0]: Member[group.instance.id None, member.id consumer-demo-1-8aadd6f2-f222-4d38-8afb-96d3e8540986] in group demo has left, removing it from the group (kafka.coordinator.group.GroupCoordinator)
[2021-10-16 18:03:40,404] INFO [GroupCoordinator 0]: Preparing to rebalance group demo in state PreparingRebalance with old generation 3 (__consumer_offsets-1) (reason: removing member consumer-demo-1-8aadd6f2-f222-4d38-8afb-96d3e8540986 on LeaveGroup) (kafka.coordinator.group.GroupCoordinator)
[2021-10-16 18:03:40,404] INFO [GroupCoordinator 0]: Group demo with generation 4 is now empty (__consumer_offsets-1) (kafka.coordinator.group.GroupCoordinator)
[2021-10-16 18:04:09,357] INFO [GroupMetadataManager brokerId=0] Removed 0 expired offsets in 1 milliseconds. (kafka.coordinator.group.GroupMetadataManager)
[2021-10-16 18:14:09,356] INFO [GroupMetadataManager brokerId=0] Removed 0 expired offsets in 0 milliseconds. (kafka.coordinator.group.GroupMetadataManager)
[2021-10-16 18:16:08,401] INFO [GroupCoordinator 0]: Preparing to rebalance group demo in state PreparingRebalance with old generation 4 (__consumer_offsets-1) (reason: Adding new member consumer-demo-1-41689cee-d078-4fe2-963e-4fa46e459493 with group instance id None) (kafka.coordinator.group.GroupCoordinator)
[2021-10-16 18:16:08,401] INFO [GroupCoordinator 0]: Stabilized group demo generation 5 (__consumer_offsets-1) (kafka.coordinator.group.GroupCoordinator)
[2021-10-16 18:16:08,408] INFO [GroupCoordinator 0]: Assignment received from leader for group demo for generation 5 (kafka.coordinator.group.GroupCoordinator)
[2021-10-16 18:17:35,927] INFO [GroupCoordinator 0]: Member[group.instance.id None, member.id consumer-demo-1-41689cee-d078-4fe2-963e-4fa46e459493] in group demo has left, removing it from the group (kafka.coordinator.group.GroupCoordinator)
[2021-10-16 18:17:35,928] INFO [GroupCoordinator 0]: Preparing to rebalance group demo in state PreparingRebalance with old generation 5 (__consumer_offsets-1) (reason: removing member consumer-demo-1-41689cee-d078-4fe2-963e-4fa46e459493 on LeaveGroup) (kafka.coordinator.group.GroupCoordinator)
[2021-10-16 18:17:35,928] INFO [GroupCoordinator 0]: Group demo with generation 6 is now empty (__consumer_offsets-1) (kafka.coordinator.group.GroupCoordinator)
[2021-10-16 18:17:39,423] INFO [GroupCoordinator 0]: Preparing to rebalance group demo in state PreparingRebalance with old generation 6 (__consumer_offsets-1) (reason: Adding new member consumer-demo-1-65f1f2fd-e222-4bd8-9aba-8c8cd97bab9e with group instance id None) (kafka.coordinator.group.GroupCoordinator)
[2021-10-16 18:17:39,424] INFO [GroupCoordinator 0]: Stabilized group demo generation 7 (__consumer_offsets-1) (kafka.coordinator.group.GroupCoordinator)
[2021-10-16 18:17:39,428] INFO [GroupCoordinator 0]: Assignment received from leader for group demo for generation 7 (kafka.coordinator.group.GroupCoordinator)
[2021-10-16 18:24:09,356] INFO [GroupMetadataManager brokerId=0] Removed 0 expired offsets in 0 milliseconds. (kafka.coordinator.group.GroupMetadataManager)
[2021-10-16 18:32:15,803] INFO [GroupCoordinator 0]: Member[group.instance.id None, member.id consumer-demo-1-65f1f2fd-e222-4bd8-9aba-8c8cd97bab9e] in group demo has left, removing it from the group (kafka.coordinator.group.GroupCoordinator)
[2021-10-16 18:32:15,804] INFO [GroupCoordinator 0]: Preparing to rebalance group demo in state PreparingRebalance with old generation 7 (__consumer_offsets-1) (reason: removing member consumer-demo-1-65f1f2fd-e222-4bd8-9aba-8c8cd97bab9e on LeaveGroup) (kafka.coordinator.group.GroupCoordinator)
[2021-10-16 18:32:15,804] INFO [GroupCoordinator 0]: Group demo with generation 8 is now empty (__consumer_offsets-1) (kafka.coordinator.group.GroupCoordinator)
[2021-10-16 18:32:19,263] INFO [GroupCoordinator 0]: Preparing to rebalance group demo in state PreparingRebalance with old generation 8 (__consumer_offsets-1) (reason: Adding new member consumer-demo-1-9f7c31e8-321e-4d6c-9658-0e031700ac7a with group instance id None) (kafka.coordinator.group.GroupCoordinator)
[2021-10-16 18:32:19,264] INFO [GroupCoordinator 0]: Stabilized group demo generation 9 (__consumer_offsets-1) (kafka.coordinator.group.GroupCoordinator)
[2021-10-16 18:32:19,290] INFO [GroupCoordinator 0]: Assignment received from leader for group demo for generation 9 (kafka.coordinator.group.GroupCoordinator)
[2021-10-16 18:32:27,096] INFO [GroupCoordinator 0]: Member[group.instance.id None, member.id consumer-demo-1-9f7c31e8-321e-4d6c-9658-0e031700ac7a] in group demo has left, removing it from the group (kafka.coordinator.group.GroupCoordinator)
[2021-10-16 18:32:27,097] INFO [GroupCoordinator 0]: Preparing to rebalance group demo in state PreparingRebalance with old generation 9 (__consumer_offsets-1) (reason: removing member consumer-demo-1-9f7c31e8-321e-4d6c-9658-0e031700ac7a on LeaveGroup) (kafka.coordinator.group.GroupCoordinator)
[2021-10-16 18:32:27,097] INFO [GroupCoordinator 0]: Group demo with generation 10 is now empty (__consumer_offsets-1) (kafka.coordinator.group.GroupCoordinator)
[2021-10-16 18:33:09,033] INFO [GroupCoordinator 0]: Preparing to rebalance group demo in state PreparingRebalance with old generation 10 (__consumer_offsets-1) (reason: Adding new member consumer-demo-1-72a46bee-90ee-4e3b-bb9a-427c6f9deb0c with group instance id None) (kafka.coordinator.group.GroupCoordinator)
[2021-10-16 18:33:09,034] INFO [GroupCoordinator 0]: Stabilized group demo generation 11 (__consumer_offsets-1) (kafka.coordinator.group.GroupCoordinator)
[2021-10-16 18:33:09,054] INFO [GroupCoordinator 0]: Assignment received from leader for group demo for generation 11 (kafka.coordinator.group.GroupCoordinator)
[2021-10-16 18:34:02,315] INFO [GroupCoordinator 0]: Preparing to rebalance group demo in state PreparingRebalance with old generation 11 (__consumer_offsets-1) (reason: Adding new member consumer-demo-1-07746d52-9aa2-43b0-ab22-4f52569e58e2 with group instance id None) (kafka.coordinator.group.GroupCoordinator)
[2021-10-16 18:34:07,048] INFO [GroupCoordinator 0]: Member consumer-demo-1-72a46bee-90ee-4e3b-bb9a-427c6f9deb0c in group demo has failed, removing it from the group (kafka.coordinator.group.GroupCoordinator)
[2021-10-16 18:34:07,050] INFO [GroupCoordinator 0]: Stabilized group demo generation 12 (__consumer_offsets-1) (kafka.coordinator.group.GroupCoordinator)
[2021-10-16 18:34:07,055] INFO [GroupCoordinator 0]: Assignment received from leader for group demo for generation 12 (kafka.coordinator.group.GroupCoordinator)
[2021-10-16 18:34:09,356] INFO [GroupMetadataManager brokerId=0] Removed 0 expired offsets in 0 milliseconds. (kafka.coordinator.group.GroupMetadataManager)
[2021-10-16 18:40:27,011] INFO [GroupCoordinator 0]: Preparing to rebalance group demo in state PreparingRebalance with old generation 12 (__consumer_offsets-1) (reason: Adding new member consumer-demo-1-068c8fce-ee1d-40db-a747-7f556b79c067 with group instance id None) (kafka.coordinator.group.GroupCoordinator)
[2021-10-16 18:40:32,175] INFO [GroupCoordinator 0]: Member consumer-demo-1-07746d52-9aa2-43b0-ab22-4f52569e58e2 in group demo has failed, removing it from the group (kafka.coordinator.group.GroupCoordinator)
[2021-10-16 18:40:32,176] INFO [GroupCoordinator 0]: Stabilized group demo generation 13 (__consumer_offsets-1) (kafka.coordinator.group.GroupCoordinator)
[2021-10-16 18:40:32,182] INFO [GroupCoordinator 0]: Assignment received from leader for group demo for generation 13 (kafka.coordinator.group.GroupCoordinator)
[2021-10-16 18:41:27,191] INFO [GroupCoordinator 0]: Member consumer-demo-1-068c8fce-ee1d-40db-a747-7f556b79c067 in group demo has failed, removing it from the group (kafka.coordinator.group.GroupCoordinator)
[2021-10-16 18:41:27,191] INFO [GroupCoordinator 0]: Preparing to rebalance group demo in state PreparingRebalance with old generation 13 (__consumer_offsets-1) (reason: removing member consumer-demo-1-068c8fce-ee1d-40db-a747-7f556b79c067 on heartbeat expiration) (kafka.coordinator.group.GroupCoordinator)
[2021-10-16 18:41:27,191] INFO [GroupCoordinator 0]: Group demo with generation 14 is now empty (__consumer_offsets-1) (kafka.coordinator.group.GroupCoordinator)
[2021-10-16 18:41:28,551] INFO [GroupCoordinator 0]: Preparing to rebalance group demo in state PreparingRebalance with old generation 14 (__consumer_offsets-1) (reason: Adding new member consumer-demo-1-d2ac4893-7ed7-45e2-b7d0-f1f95a58ed9e with group instance id None) (kafka.coordinator.group.GroupCoordinator)
[2021-10-16 18:41:28,551] INFO [GroupCoordinator 0]: Stabilized group demo generation 15 (__consumer_offsets-1) (kafka.coordinator.group.GroupCoordinator)
[2021-10-16 18:41:28,576] INFO [GroupCoordinator 0]: Assignment received from leader for group demo for generation 15 (kafka.coordinator.group.GroupCoordinator)
[2021-10-16 18:42:00,347] INFO [GroupCoordinator 0]: Preparing to rebalance group demo in state PreparingRebalance with old generation 15 (__consumer_offsets-1) (reason: Adding new member consumer-demo-1-4a34c8a5-577f-4a8c-a704-0c24b8b268b0 with group instance id None) (kafka.coordinator.group.GroupCoordinator)
[2021-10-16 18:42:05,567] INFO [GroupCoordinator 0]: Member consumer-demo-1-d2ac4893-7ed7-45e2-b7d0-f1f95a58ed9e in group demo has failed, removing it from the group (kafka.coordinator.group.GroupCoordinator)
[2021-10-16 18:42:05,567] INFO [GroupCoordinator 0]: Stabilized group demo generation 16 (__consumer_offsets-1) (kafka.coordinator.group.GroupCoordinator)
[2021-10-16 18:42:05,573] INFO [GroupCoordinator 0]: Assignment received from leader for group demo for generation 16 (kafka.coordinator.group.GroupCoordinator)
